<?xml version="1.0" encoding="UTF-8"?>
<!-- Generated by org.testng.reporters.JUnitReportReporter -->
<testsuite name="homePage.Testclass" tests="1" time="1.957" ignored="0" failures="0" timestamp="27 Apr 2018 08:55:29 GMT" skipped="0" hostname="HOME-PC" errors="0">
  <testcase name="Login" time="1.957" classname="homePage.Testclass"/>
</testsuite> <!-- homePage.Testclass -->
