<?xml version="1.0" encoding="UTF-8"?>
<!-- Generated by org.testng.reporters.JUnitReportReporter -->
<testsuite name="homePage.TC001_VerifyLoginWithInvalidCredentials" tests="1" time="5.770" ignored="0" failures="0" timestamp="12 May 2018 06:50:08 GMT" skipped="0" hostname="HOME-PC" errors="0">
  <testcase name="verifyLoginWithInvalidCredentials" time="5.770" classname="homePage.TC001_VerifyLoginWithInvalidCredentials"/>
</testsuite> <!-- homePage.TC001_VerifyLoginWithInvalidCredentials -->
